Agent pid 12666
Identity added: /home/wangfan/.ssh/ppdggh (/home/wangfan/.ssh/ppdggh)
Already on 'master'
M	index.html
M	list.txt
M	log
[master 5ef46d9] e..
 4 files changed, 17 insertions(+), 9 deletions(-)
 create mode 100644 nohup.out
To git@github.com:ppdg/ppdg.github.io.git
   c8ede09..5ef46d9  master -> master
wait..
Already on 'master'
M	index.html
M	list.txt
M	nohup.out
[master 2fe1563] e..
 3 files changed, 18 insertions(+), 5 deletions(-)
To git@github.com:ppdg/ppdg.github.io.git
   5ef46d9..2fe1563  master -> master
wait..
Already on 'master'
M	index.html
M	list.txt
M	nohup.out
[master 707ee64] e..
 3 files changed, 15 insertions(+), 6 deletions(-)
To git@github.com:ppdg/ppdg.github.io.git
   2fe1563..707ee64  master -> master
wait..
Already on 'master'
M	index.html
M	list.txt
M	nohup.out
[master 39020c9] e..
 3 files changed, 15 insertions(+), 6 deletions(-)
To git@github.com:ppdg/ppdg.github.io.git
   707ee64..39020c9  master -> master
wait..
Already on 'master'
M	index.html
M	list.txt
M	nohup.out
[master e6a9c8e] e..
 3 files changed, 15 insertions(+), 6 deletions(-)
To git@github.com:ppdg/ppdg.github.io.git
   39020c9..e6a9c8e  master -> master
wait..
Already on 'master'
M	index.html
M	list.txt
M	nohup.out
[master 6e2d85f] e..
 3 files changed, 16 insertions(+), 7 deletions(-)
To git@github.com:ppdg/ppdg.github.io.git
   e6a9c8e..6e2d85f  master -> master
wait..
Already on 'master'
M	index.html
M	list.txt
M	nohup.out
[master 8ba028d] e..
 3 files changed, 16 insertions(+), 7 deletions(-)
To git@github.com:ppdg/ppdg.github.io.git
   6e2d85f..8ba028d  master -> master
wait..
Already on 'master'
M	index.html
M	list.txt
M	nohup.out
[master 559c55a] e..
 3 files changed, 14 insertions(+), 5 deletions(-)
To git@github.com:ppdg/ppdg.github.io.git
   8ba028d..559c55a  master -> master
wait..
Already on 'master'
M	index.html
M	list.txt
M	nohup.out
